--[INFO--read_train_csv]---Rows Count--train_df--- 73585
-[INFO--read_train_csv]---len(ls_of_DF_chunks)-- 1472
<class 'pandas.core.frame.DataFrame'>
RangeIndex: 50 entries, 100 to 149
Data columns (total 9 columns):
 #   Column             Non-Null Count  Dtype 
---  ------             --------------  ----- 
 0   id                 50 non-null     object
 1   annotation         50 non-null     object
 2   width              50 non-null     int64 
 3   height             50 non-null     int64 
 4   cell_type          50 non-null     object
 5   plate_time         50 non-null     object
 6   sample_date        50 non-null     object
 7   sample_id          50 non-null     object
 8   elapsed_timedelta  50 non-null     object
dtypes: int64(2), object(7)
memory usage: 3.6+ KB
-[INFO--read_train_csv]---train_df.info---- None
-[INFO--read_train_csv]---all_ids.info---- <class 'numpy.ndarray'>
0it [00:00, ?it/s]
                                                                                                    
--mask_rle-- 289270 5 289972 8 290674 10 291376 12 292078 13 292781 14 293485 13 294188 14 294892 13 295596 13 296300 13 297005 11 297709 11 298414 9 299118 9 299823 8 300527 7 301232 6 301937 4 302641 4 303346 2 304051 1
--split_mask_rle--
 ['289270', '5', '289972', '8', '290674', '10', '291376', '12', '292078', '13', '292781', '14', '293485', '13', '294188', '14', '294892', '13', '295596', '13', '296300', '13', '297005', '11', '297709', '11', '298414', '9', '299118', '9', '299823', '8', '300527', '7', '301232', '6', '301937', '4', '302641', '4', '303346', '2', '304051', '1']
--mask_rle-->  LENGTH -- ls_starts, ls_lengths 22 22
--mask_rle--> ls_starts, ls_lengths [289270 289972 290674 291376 292078 292781 293485 294188 294892 295596
 296300 297005 297709 298414 299118 299823 300527 301232 301937 302641
 303346 304051] [ 5  8 10 12 13 14 13 14 13 13 13 11 11  9  9  8  7  6  4  4  2  1]
--mask_rle--> ls_ends [289274 289979 290683 291387 292090 292794 293497 294201 294904 295608
 296312 297015 297719 298422 299126 299830 300533 301237 301940 302644
 303347 304051]
--mask_rle-->  LENGTH -- ls_ends 22
--return_img_rle.ndim,return_img_rle.shape----
 2 (520, 704)
--return_img_rle---
 [[0 0 0 ... 0 0 0]
 [0 0 0 ... 0 0 0]
 [0 0 0 ... 0 0 0]
 ...
 [0 0 0 ... 0 0 0]
 [0 0 0 ... 0 0 0]
 [0 0 0 ... 0 0 0]]
                                                                                                    
 --  --  --  --  --  --  --  --  --  --  --  --  --  --  --  --  --  --  --  --  --  --  --  --  --  --  --  --  --  --  --  --  --  --  --  --  --  --  --  --  --  --  --  --  --  --  --  --  --  -- 
                                                                                                    
 --  --  --  --  --  --  --  --  --  --  --  --  --  --  --  --  --  --  --  --  --  --  --  --  --  --  --  --  --  --  --  --  --  --  --  --  --  --  --  --  --  --  --  --  --  --  --  --  --  -- 
--return_img_rle-----mk---
 [[0 0 0 ... 0 0 0]
 [0 0 0 ... 0 0 0]
 [0 0 0 ... 0 0 0]
 ...
 [0 0 0 ... 0 0 0]
 [0 0 0 ... 0 0 0]
 [0 0 0 ... 0 0 0]]
                                                                                                    
--return_img_rle-----mk---unique, counts--
 [0 1] [365880    200]
                                                                                                    
 --  --  --  --  --  --  --  --  --  --  --  --  --  --  --  --  --  --  --  --  --  --  --  --  --  --  --  --  --  --  --  --  --  --  --  --  --  --  --  --  --  --  --  --  --  --  --  --  --  -- 
